Determining if the pthread_create exist failed with the following output:
Change Dir: /home/sdc/sandbox/f1tenth_ws/build/waypoint_logger/CMakeFiles/CMakeTmp

Run Build Command:"/usr/bin/make" "cmTC_b1cbf/fast"
/usr/bin/make -f CMakeFiles/cmTC_b1cbf.dir/build.make CMakeFiles/cmTC_b1cbf.dir/build
make[1]: Entering directory '/home/sdc/sandbox/f1tenth_ws/build/waypoint_logger/CMakeFiles/CMakeTmp'
Building C object CMakeFiles/cmTC_b1cbf.dir/CheckSymbolExists.c.o
/usr/bin/cc    -o CMakeFiles/cmTC_b1cbf.dir/CheckSymbolExists.c.o   -c /home/sdc/sandbox/f1tenth_ws/build/waypoint_logger/CMakeFiles/CMakeTmp/CheckSymbolExists.c
Linking C executable cmTC_b1cbf
/usr/bin/cmake -E cmake_link_script CMakeFiles/cmTC_b1cbf.dir/link.txt --verbose=1
/usr/bin/cc      -rdynamic CMakeFiles/cmTC_b1cbf.dir/CheckSymbolExists.c.o  -o cmTC_b1cbf 
CMakeFiles/cmTC_b1cbf.dir/CheckSymbolExists.c.o: In function `main':
CheckSymbolExists.c:(.text+0x14): undefined reference to `pthread_create'
CheckSymbolExists.c:(.text+0x18): undefined reference to `pthread_create'
collect2: error: ld returned 1 exit status
CMakeFiles/cmTC_b1cbf.dir/build.make:97: recipe for target 'cmTC_b1cbf' failed
make[1]: *** [cmTC_b1cbf] Error 1
make[1]: Leaving directory '/home/sdc/sandbox/f1tenth_ws/build/waypoint_logger/CMakeFiles/CMakeTmp'
Makefile:126: recipe for target 'cmTC_b1cbf/fast' failed
make: *** [cmTC_b1cbf/fast] Error 2

File /home/sdc/sandbox/f1tenth_ws/build/waypoint_logger/CMakeFiles/CMakeTmp/CheckSymbolExists.c:
/* */
#include <pthread.h>

int main(int argc, char** argv)
{
  (void)argv;
#ifndef pthread_create
  return ((int*)(&pthread_create))[argc];
#else
  (void)argc;
  return 0;
#endif
}

Determining if the function pthread_create exists in the pthreads failed with the following output:
Change Dir: /home/sdc/sandbox/f1tenth_ws/build/waypoint_logger/CMakeFiles/CMakeTmp

Run Build Command:"/usr/bin/make" "cmTC_f6a7c/fast"
/usr/bin/make -f CMakeFiles/cmTC_f6a7c.dir/build.make CMakeFiles/cmTC_f6a7c.dir/build
make[1]: Entering directory '/home/sdc/sandbox/f1tenth_ws/build/waypoint_logger/CMakeFiles/CMakeTmp'
Building C object CMakeFiles/cmTC_f6a7c.dir/CheckFunctionExists.c.o
/usr/bin/cc   -DCHECK_FUNCTION_EXISTS=pthread_create   -o CMakeFiles/cmTC_f6a7c.dir/CheckFunctionExists.c.o   -c /usr/share/cmake-3.10/Modules/CheckFunctionExists.c
Linking C executable cmTC_f6a7c
/usr/bin/cmake -E cmake_link_script CMakeFiles/cmTC_f6a7c.dir/link.txt --verbose=1
/usr/bin/cc  -DCHECK_FUNCTION_EXISTS=pthread_create    -rdynamic CMakeFiles/cmTC_f6a7c.dir/CheckFunctionExists.c.o  -o cmTC_f6a7c -lpthreads 
/usr/bin/ld: cannot find -lpthreads
collect2: error: ld returned 1 exit status
CMakeFiles/cmTC_f6a7c.dir/build.make:97: recipe for target 'cmTC_f6a7c' failed
make[1]: *** [cmTC_f6a7c] Error 1
make[1]: Leaving directory '/home/sdc/sandbox/f1tenth_ws/build/waypoint_logger/CMakeFiles/CMakeTmp'
Makefile:126: recipe for target 'cmTC_f6a7c/fast' failed
make: *** [cmTC_f6a7c/fast] Error 2


