Determining if the pthread_create exist failed with the following output:
Change Dir: /home/sdc/sandbox/f1tenth_ws/build/vesc_ackermann/CMakeFiles/CMakeTmp

Run Build Command:"/usr/bin/make" "cmTC_07f25/fast"
/usr/bin/make -f CMakeFiles/cmTC_07f25.dir/build.make CMakeFiles/cmTC_07f25.dir/build
make[1]: Entering directory '/home/sdc/sandbox/f1tenth_ws/build/vesc_ackermann/CMakeFiles/CMakeTmp'
Building C object CMakeFiles/cmTC_07f25.dir/CheckSymbolExists.c.o
/usr/bin/cc    -o CMakeFiles/cmTC_07f25.dir/CheckSymbolExists.c.o   -c /home/sdc/sandbox/f1tenth_ws/build/vesc_ackermann/CMakeFiles/CMakeTmp/CheckSymbolExists.c
Linking C executable cmTC_07f25
/usr/bin/cmake -E cmake_link_script CMakeFiles/cmTC_07f25.dir/link.txt --verbose=1
/usr/bin/cc      -rdynamic CMakeFiles/cmTC_07f25.dir/CheckSymbolExists.c.o  -o cmTC_07f25 
CMakeFiles/cmTC_07f25.dir/CheckSymbolExists.c.o: In function `main':
CheckSymbolExists.c:(.text+0x14): undefined reference to `pthread_create'
CheckSymbolExists.c:(.text+0x18): undefined reference to `pthread_create'
collect2: error: ld returned 1 exit status
CMakeFiles/cmTC_07f25.dir/build.make:97: recipe for target 'cmTC_07f25' failed
make[1]: *** [cmTC_07f25] Error 1
make[1]: Leaving directory '/home/sdc/sandbox/f1tenth_ws/build/vesc_ackermann/CMakeFiles/CMakeTmp'
Makefile:126: recipe for target 'cmTC_07f25/fast' failed
make: *** [cmTC_07f25/fast] Error 2

File /home/sdc/sandbox/f1tenth_ws/build/vesc_ackermann/CMakeFiles/CMakeTmp/CheckSymbolExists.c:
/* */
#include <pthread.h>

int main(int argc, char** argv)
{
  (void)argv;
#ifndef pthread_create
  return ((int*)(&pthread_create))[argc];
#else
  (void)argc;
  return 0;
#endif
}

Determining if the function pthread_create exists in the pthreads failed with the following output:
Change Dir: /home/sdc/sandbox/f1tenth_ws/build/vesc_ackermann/CMakeFiles/CMakeTmp

Run Build Command:"/usr/bin/make" "cmTC_46344/fast"
/usr/bin/make -f CMakeFiles/cmTC_46344.dir/build.make CMakeFiles/cmTC_46344.dir/build
make[1]: Entering directory '/home/sdc/sandbox/f1tenth_ws/build/vesc_ackermann/CMakeFiles/CMakeTmp'
Building C object CMakeFiles/cmTC_46344.dir/CheckFunctionExists.c.o
/usr/bin/cc   -DCHECK_FUNCTION_EXISTS=pthread_create   -o CMakeFiles/cmTC_46344.dir/CheckFunctionExists.c.o   -c /usr/share/cmake-3.10/Modules/CheckFunctionExists.c
Linking C executable cmTC_46344
/usr/bin/cmake -E cmake_link_script CMakeFiles/cmTC_46344.dir/link.txt --verbose=1
/usr/bin/cc  -DCHECK_FUNCTION_EXISTS=pthread_create    -rdynamic CMakeFiles/cmTC_46344.dir/CheckFunctionExists.c.o  -o cmTC_46344 -lpthreads 
/usr/bin/ld: cannot find -lpthreads
collect2: error: ld returned 1 exit status
CMakeFiles/cmTC_46344.dir/build.make:97: recipe for target 'cmTC_46344' failed
make[1]: *** [cmTC_46344] Error 1
make[1]: Leaving directory '/home/sdc/sandbox/f1tenth_ws/build/vesc_ackermann/CMakeFiles/CMakeTmp'
Makefile:126: recipe for target 'cmTC_46344/fast' failed
make: *** [cmTC_46344/fast] Error 2


