Determining if the pthread_create exist failed with the following output:
Change Dir: /home/sdc/sandbox/f1tenth_ws/build/joy/CMakeFiles/CMakeTmp

Run Build Command:"/usr/bin/make" "cmTC_8145e/fast"
/usr/bin/make -f CMakeFiles/cmTC_8145e.dir/build.make CMakeFiles/cmTC_8145e.dir/build
make[1]: Entering directory '/home/sdc/sandbox/f1tenth_ws/build/joy/CMakeFiles/CMakeTmp'
Building C object CMakeFiles/cmTC_8145e.dir/CheckSymbolExists.c.o
/usr/bin/cc    -o CMakeFiles/cmTC_8145e.dir/CheckSymbolExists.c.o   -c /home/sdc/sandbox/f1tenth_ws/build/joy/CMakeFiles/CMakeTmp/CheckSymbolExists.c
Linking C executable cmTC_8145e
/usr/bin/cmake -E cmake_link_script CMakeFiles/cmTC_8145e.dir/link.txt --verbose=1
/usr/bin/cc      -rdynamic CMakeFiles/cmTC_8145e.dir/CheckSymbolExists.c.o  -o cmTC_8145e 
CMakeFiles/cmTC_8145e.dir/CheckSymbolExists.c.o: In function `main':
CheckSymbolExists.c:(.text+0x14): undefined reference to `pthread_create'
CheckSymbolExists.c:(.text+0x18): undefined reference to `pthread_create'
collect2: error: ld returned 1 exit status
CMakeFiles/cmTC_8145e.dir/build.make:97: recipe for target 'cmTC_8145e' failed
make[1]: *** [cmTC_8145e] Error 1
make[1]: Leaving directory '/home/sdc/sandbox/f1tenth_ws/build/joy/CMakeFiles/CMakeTmp'
Makefile:126: recipe for target 'cmTC_8145e/fast' failed
make: *** [cmTC_8145e/fast] Error 2

File /home/sdc/sandbox/f1tenth_ws/build/joy/CMakeFiles/CMakeTmp/CheckSymbolExists.c:
/* */
#include <pthread.h>

int main(int argc, char** argv)
{
  (void)argv;
#ifndef pthread_create
  return ((int*)(&pthread_create))[argc];
#else
  (void)argc;
  return 0;
#endif
}

Determining if the function pthread_create exists in the pthreads failed with the following output:
Change Dir: /home/sdc/sandbox/f1tenth_ws/build/joy/CMakeFiles/CMakeTmp

Run Build Command:"/usr/bin/make" "cmTC_bf8ef/fast"
/usr/bin/make -f CMakeFiles/cmTC_bf8ef.dir/build.make CMakeFiles/cmTC_bf8ef.dir/build
make[1]: Entering directory '/home/sdc/sandbox/f1tenth_ws/build/joy/CMakeFiles/CMakeTmp'
Building C object CMakeFiles/cmTC_bf8ef.dir/CheckFunctionExists.c.o
/usr/bin/cc   -DCHECK_FUNCTION_EXISTS=pthread_create   -o CMakeFiles/cmTC_bf8ef.dir/CheckFunctionExists.c.o   -c /usr/share/cmake-3.10/Modules/CheckFunctionExists.c
Linking C executable cmTC_bf8ef
/usr/bin/cmake -E cmake_link_script CMakeFiles/cmTC_bf8ef.dir/link.txt --verbose=1
/usr/bin/cc  -DCHECK_FUNCTION_EXISTS=pthread_create    -rdynamic CMakeFiles/cmTC_bf8ef.dir/CheckFunctionExists.c.o  -o cmTC_bf8ef -lpthreads 
/usr/bin/ld: cannot find -lpthreads
collect2: error: ld returned 1 exit status
CMakeFiles/cmTC_bf8ef.dir/build.make:97: recipe for target 'cmTC_bf8ef' failed
make[1]: *** [cmTC_bf8ef] Error 1
make[1]: Leaving directory '/home/sdc/sandbox/f1tenth_ws/build/joy/CMakeFiles/CMakeTmp'
Makefile:126: recipe for target 'cmTC_bf8ef/fast' failed
make: *** [cmTC_bf8ef/fast] Error 2


