Determining if the pthread_create exist failed with the following output:
Change Dir: /home/sdc/sandbox/f1tenth_ws/build/ackermann_msgs/CMakeFiles/CMakeTmp

Run Build Command:"/usr/bin/make" "cmTC_2c323/fast"
/usr/bin/make -f CMakeFiles/cmTC_2c323.dir/build.make CMakeFiles/cmTC_2c323.dir/build
make[1]: Entering directory '/home/sdc/sandbox/f1tenth_ws/build/ackermann_msgs/CMakeFiles/CMakeTmp'
Building C object CMakeFiles/cmTC_2c323.dir/CheckSymbolExists.c.o
/usr/bin/cc    -o CMakeFiles/cmTC_2c323.dir/CheckSymbolExists.c.o   -c /home/sdc/sandbox/f1tenth_ws/build/ackermann_msgs/CMakeFiles/CMakeTmp/CheckSymbolExists.c
Linking C executable cmTC_2c323
/usr/bin/cmake -E cmake_link_script CMakeFiles/cmTC_2c323.dir/link.txt --verbose=1
/usr/bin/cc      -rdynamic CMakeFiles/cmTC_2c323.dir/CheckSymbolExists.c.o  -o cmTC_2c323 
CMakeFiles/cmTC_2c323.dir/CheckSymbolExists.c.o: In function `main':
CheckSymbolExists.c:(.text+0x14): undefined reference to `pthread_create'
CheckSymbolExists.c:(.text+0x18): undefined reference to `pthread_create'
collect2: error: ld returned 1 exit status
CMakeFiles/cmTC_2c323.dir/build.make:97: recipe for target 'cmTC_2c323' failed
make[1]: *** [cmTC_2c323] Error 1
make[1]: Leaving directory '/home/sdc/sandbox/f1tenth_ws/build/ackermann_msgs/CMakeFiles/CMakeTmp'
Makefile:126: recipe for target 'cmTC_2c323/fast' failed
make: *** [cmTC_2c323/fast] Error 2

File /home/sdc/sandbox/f1tenth_ws/build/ackermann_msgs/CMakeFiles/CMakeTmp/CheckSymbolExists.c:
/* */
#include <pthread.h>

int main(int argc, char** argv)
{
  (void)argv;
#ifndef pthread_create
  return ((int*)(&pthread_create))[argc];
#else
  (void)argc;
  return 0;
#endif
}

Determining if the function pthread_create exists in the pthreads failed with the following output:
Change Dir: /home/sdc/sandbox/f1tenth_ws/build/ackermann_msgs/CMakeFiles/CMakeTmp

Run Build Command:"/usr/bin/make" "cmTC_4ae99/fast"
/usr/bin/make -f CMakeFiles/cmTC_4ae99.dir/build.make CMakeFiles/cmTC_4ae99.dir/build
make[1]: Entering directory '/home/sdc/sandbox/f1tenth_ws/build/ackermann_msgs/CMakeFiles/CMakeTmp'
Building C object CMakeFiles/cmTC_4ae99.dir/CheckFunctionExists.c.o
/usr/bin/cc   -DCHECK_FUNCTION_EXISTS=pthread_create   -o CMakeFiles/cmTC_4ae99.dir/CheckFunctionExists.c.o   -c /usr/share/cmake-3.10/Modules/CheckFunctionExists.c
Linking C executable cmTC_4ae99
/usr/bin/cmake -E cmake_link_script CMakeFiles/cmTC_4ae99.dir/link.txt --verbose=1
/usr/bin/cc  -DCHECK_FUNCTION_EXISTS=pthread_create    -rdynamic CMakeFiles/cmTC_4ae99.dir/CheckFunctionExists.c.o  -o cmTC_4ae99 -lpthreads 
/usr/bin/ld: cannot find -lpthreads
collect2: error: ld returned 1 exit status
CMakeFiles/cmTC_4ae99.dir/build.make:97: recipe for target 'cmTC_4ae99' failed
make[1]: *** [cmTC_4ae99] Error 1
make[1]: Leaving directory '/home/sdc/sandbox/f1tenth_ws/build/ackermann_msgs/CMakeFiles/CMakeTmp'
Makefile:126: recipe for target 'cmTC_4ae99/fast' failed
make: *** [cmTC_4ae99/fast] Error 2


