Determining if the pthread_create exist failed with the following output:
Change Dir: /home/sdc/sandbox/f1tenth_ws/build/hokuyo_node/CMakeFiles/CMakeTmp

Run Build Command:"/usr/bin/make" "cmTC_52742/fast"
/usr/bin/make -f CMakeFiles/cmTC_52742.dir/build.make CMakeFiles/cmTC_52742.dir/build
make[1]: Entering directory '/home/sdc/sandbox/f1tenth_ws/build/hokuyo_node/CMakeFiles/CMakeTmp'
Building C object CMakeFiles/cmTC_52742.dir/CheckSymbolExists.c.o
/usr/bin/cc    -o CMakeFiles/cmTC_52742.dir/CheckSymbolExists.c.o   -c /home/sdc/sandbox/f1tenth_ws/build/hokuyo_node/CMakeFiles/CMakeTmp/CheckSymbolExists.c
Linking C executable cmTC_52742
/usr/bin/cmake -E cmake_link_script CMakeFiles/cmTC_52742.dir/link.txt --verbose=1
/usr/bin/cc      -rdynamic CMakeFiles/cmTC_52742.dir/CheckSymbolExists.c.o  -o cmTC_52742 
CMakeFiles/cmTC_52742.dir/CheckSymbolExists.c.o: In function `main':
CheckSymbolExists.c:(.text+0x14): undefined reference to `pthread_create'
CheckSymbolExists.c:(.text+0x18): undefined reference to `pthread_create'
collect2: error: ld returned 1 exit status
CMakeFiles/cmTC_52742.dir/build.make:97: recipe for target 'cmTC_52742' failed
make[1]: *** [cmTC_52742] Error 1
make[1]: Leaving directory '/home/sdc/sandbox/f1tenth_ws/build/hokuyo_node/CMakeFiles/CMakeTmp'
Makefile:126: recipe for target 'cmTC_52742/fast' failed
make: *** [cmTC_52742/fast] Error 2

File /home/sdc/sandbox/f1tenth_ws/build/hokuyo_node/CMakeFiles/CMakeTmp/CheckSymbolExists.c:
/* */
#include <pthread.h>

int main(int argc, char** argv)
{
  (void)argv;
#ifndef pthread_create
  return ((int*)(&pthread_create))[argc];
#else
  (void)argc;
  return 0;
#endif
}

Determining if the function pthread_create exists in the pthreads failed with the following output:
Change Dir: /home/sdc/sandbox/f1tenth_ws/build/hokuyo_node/CMakeFiles/CMakeTmp

Run Build Command:"/usr/bin/make" "cmTC_22b4c/fast"
/usr/bin/make -f CMakeFiles/cmTC_22b4c.dir/build.make CMakeFiles/cmTC_22b4c.dir/build
make[1]: Entering directory '/home/sdc/sandbox/f1tenth_ws/build/hokuyo_node/CMakeFiles/CMakeTmp'
Building C object CMakeFiles/cmTC_22b4c.dir/CheckFunctionExists.c.o
/usr/bin/cc   -DCHECK_FUNCTION_EXISTS=pthread_create   -o CMakeFiles/cmTC_22b4c.dir/CheckFunctionExists.c.o   -c /usr/share/cmake-3.10/Modules/CheckFunctionExists.c
Linking C executable cmTC_22b4c
/usr/bin/cmake -E cmake_link_script CMakeFiles/cmTC_22b4c.dir/link.txt --verbose=1
/usr/bin/cc  -DCHECK_FUNCTION_EXISTS=pthread_create    -rdynamic CMakeFiles/cmTC_22b4c.dir/CheckFunctionExists.c.o  -o cmTC_22b4c -lpthreads 
/usr/bin/ld: cannot find -lpthreads
collect2: error: ld returned 1 exit status
CMakeFiles/cmTC_22b4c.dir/build.make:97: recipe for target 'cmTC_22b4c' failed
make[1]: *** [cmTC_22b4c] Error 1
make[1]: Leaving directory '/home/sdc/sandbox/f1tenth_ws/build/hokuyo_node/CMakeFiles/CMakeTmp'
Makefile:126: recipe for target 'cmTC_22b4c/fast' failed
make: *** [cmTC_22b4c/fast] Error 2


