Determining if the pthread_create exist failed with the following output:
Change Dir: /home/sdc/sandbox/f1tenth_ws/build/serial/CMakeFiles/CMakeTmp

Run Build Command:"/usr/bin/make" "cmTC_002f6/fast"
/usr/bin/make -f CMakeFiles/cmTC_002f6.dir/build.make CMakeFiles/cmTC_002f6.dir/build
make[1]: Entering directory '/home/sdc/sandbox/f1tenth_ws/build/serial/CMakeFiles/CMakeTmp'
Building C object CMakeFiles/cmTC_002f6.dir/CheckSymbolExists.c.o
/usr/bin/cc    -o CMakeFiles/cmTC_002f6.dir/CheckSymbolExists.c.o   -c /home/sdc/sandbox/f1tenth_ws/build/serial/CMakeFiles/CMakeTmp/CheckSymbolExists.c
Linking C executable cmTC_002f6
/usr/bin/cmake -E cmake_link_script CMakeFiles/cmTC_002f6.dir/link.txt --verbose=1
/usr/bin/cc      -rdynamic CMakeFiles/cmTC_002f6.dir/CheckSymbolExists.c.o  -o cmTC_002f6 
CMakeFiles/cmTC_002f6.dir/CheckSymbolExists.c.o: In function `main':
CheckSymbolExists.c:(.text+0x14): undefined reference to `pthread_create'
CheckSymbolExists.c:(.text+0x18): undefined reference to `pthread_create'
collect2: error: ld returned 1 exit status
CMakeFiles/cmTC_002f6.dir/build.make:97: recipe for target 'cmTC_002f6' failed
make[1]: *** [cmTC_002f6] Error 1
make[1]: Leaving directory '/home/sdc/sandbox/f1tenth_ws/build/serial/CMakeFiles/CMakeTmp'
Makefile:126: recipe for target 'cmTC_002f6/fast' failed
make: *** [cmTC_002f6/fast] Error 2

File /home/sdc/sandbox/f1tenth_ws/build/serial/CMakeFiles/CMakeTmp/CheckSymbolExists.c:
/* */
#include <pthread.h>

int main(int argc, char** argv)
{
  (void)argv;
#ifndef pthread_create
  return ((int*)(&pthread_create))[argc];
#else
  (void)argc;
  return 0;
#endif
}

Determining if the function pthread_create exists in the pthreads failed with the following output:
Change Dir: /home/sdc/sandbox/f1tenth_ws/build/serial/CMakeFiles/CMakeTmp

Run Build Command:"/usr/bin/make" "cmTC_f172d/fast"
/usr/bin/make -f CMakeFiles/cmTC_f172d.dir/build.make CMakeFiles/cmTC_f172d.dir/build
make[1]: Entering directory '/home/sdc/sandbox/f1tenth_ws/build/serial/CMakeFiles/CMakeTmp'
Building C object CMakeFiles/cmTC_f172d.dir/CheckFunctionExists.c.o
/usr/bin/cc   -DCHECK_FUNCTION_EXISTS=pthread_create   -o CMakeFiles/cmTC_f172d.dir/CheckFunctionExists.c.o   -c /usr/share/cmake-3.10/Modules/CheckFunctionExists.c
Linking C executable cmTC_f172d
/usr/bin/cmake -E cmake_link_script CMakeFiles/cmTC_f172d.dir/link.txt --verbose=1
/usr/bin/cc  -DCHECK_FUNCTION_EXISTS=pthread_create    -rdynamic CMakeFiles/cmTC_f172d.dir/CheckFunctionExists.c.o  -o cmTC_f172d -lpthreads 
/usr/bin/ld: cannot find -lpthreads
collect2: error: ld returned 1 exit status
CMakeFiles/cmTC_f172d.dir/build.make:97: recipe for target 'cmTC_f172d' failed
make[1]: *** [cmTC_f172d] Error 1
make[1]: Leaving directory '/home/sdc/sandbox/f1tenth_ws/build/serial/CMakeFiles/CMakeTmp'
Makefile:126: recipe for target 'cmTC_f172d/fast' failed
make: *** [cmTC_f172d/fast] Error 2


