Determining if the pthread_create exist failed with the following output:
Change Dir: /home/sdc/sandbox/f1tenth_ws/build/realsense2_camera/CMakeFiles/CMakeTmp

Run Build Command:"/usr/bin/make" "cmTC_22c25/fast"
/usr/bin/make -f CMakeFiles/cmTC_22c25.dir/build.make CMakeFiles/cmTC_22c25.dir/build
make[1]: Entering directory '/home/sdc/sandbox/f1tenth_ws/build/realsense2_camera/CMakeFiles/CMakeTmp'
Building C object CMakeFiles/cmTC_22c25.dir/CheckSymbolExists.c.o
/usr/bin/cc    -o CMakeFiles/cmTC_22c25.dir/CheckSymbolExists.c.o   -c /home/sdc/sandbox/f1tenth_ws/build/realsense2_camera/CMakeFiles/CMakeTmp/CheckSymbolExists.c
Linking C executable cmTC_22c25
/usr/bin/cmake -E cmake_link_script CMakeFiles/cmTC_22c25.dir/link.txt --verbose=1
/usr/bin/cc      -rdynamic CMakeFiles/cmTC_22c25.dir/CheckSymbolExists.c.o  -o cmTC_22c25 
CMakeFiles/cmTC_22c25.dir/CheckSymbolExists.c.o: In function `main':
CheckSymbolExists.c:(.text+0x14): undefined reference to `pthread_create'
CheckSymbolExists.c:(.text+0x18): undefined reference to `pthread_create'
collect2: error: ld returned 1 exit status
CMakeFiles/cmTC_22c25.dir/build.make:97: recipe for target 'cmTC_22c25' failed
make[1]: *** [cmTC_22c25] Error 1
make[1]: Leaving directory '/home/sdc/sandbox/f1tenth_ws/build/realsense2_camera/CMakeFiles/CMakeTmp'
Makefile:126: recipe for target 'cmTC_22c25/fast' failed
make: *** [cmTC_22c25/fast] Error 2

File /home/sdc/sandbox/f1tenth_ws/build/realsense2_camera/CMakeFiles/CMakeTmp/CheckSymbolExists.c:
/* */
#include <pthread.h>

int main(int argc, char** argv)
{
  (void)argv;
#ifndef pthread_create
  return ((int*)(&pthread_create))[argc];
#else
  (void)argc;
  return 0;
#endif
}

Determining if the function pthread_create exists in the pthreads failed with the following output:
Change Dir: /home/sdc/sandbox/f1tenth_ws/build/realsense2_camera/CMakeFiles/CMakeTmp

Run Build Command:"/usr/bin/make" "cmTC_a5a3b/fast"
/usr/bin/make -f CMakeFiles/cmTC_a5a3b.dir/build.make CMakeFiles/cmTC_a5a3b.dir/build
make[1]: Entering directory '/home/sdc/sandbox/f1tenth_ws/build/realsense2_camera/CMakeFiles/CMakeTmp'
Building C object CMakeFiles/cmTC_a5a3b.dir/CheckFunctionExists.c.o
/usr/bin/cc   -DCHECK_FUNCTION_EXISTS=pthread_create   -o CMakeFiles/cmTC_a5a3b.dir/CheckFunctionExists.c.o   -c /usr/share/cmake-3.10/Modules/CheckFunctionExists.c
Linking C executable cmTC_a5a3b
/usr/bin/cmake -E cmake_link_script CMakeFiles/cmTC_a5a3b.dir/link.txt --verbose=1
/usr/bin/cc  -DCHECK_FUNCTION_EXISTS=pthread_create    -rdynamic CMakeFiles/cmTC_a5a3b.dir/CheckFunctionExists.c.o  -o cmTC_a5a3b -lpthreads 
/usr/bin/ld: cannot find -lpthreads
collect2: error: ld returned 1 exit status
CMakeFiles/cmTC_a5a3b.dir/build.make:97: recipe for target 'cmTC_a5a3b' failed
make[1]: *** [cmTC_a5a3b] Error 1
make[1]: Leaving directory '/home/sdc/sandbox/f1tenth_ws/build/realsense2_camera/CMakeFiles/CMakeTmp'
Makefile:126: recipe for target 'cmTC_a5a3b/fast' failed
make: *** [cmTC_a5a3b/fast] Error 2


